<?xml version="1.0" encoding="UTF-8"?>
<!-- Generated by org.testng.reporters.JUnitReportReporter -->
<testsuite skipped="0" hostname="HP" name="t1.Test1" tests="2" failures="0" timestamp="05 Jan 2020 17:42:17 GMT" time="0.013" errors="0">
  <testcase name="b" time="0.009" classname="t1.Test1"/>
  <testcase name="c" time="0.004" classname="t1.Test1"/>
</testsuite> <!-- t1.Test1 -->
